<?xml version="1.0" encoding="utf-8" standalone="no"?>
<test-results xmlns:xsi="http://www.w3.org/2001/XMLSchema-instance" xsi:noNamespaceSchemaLocation="nunit_schema_2.5.xsd" name="Pester" total="8" errors="0" failures="0" not-run="57" inconclusive="0" ignored="0" skipped="0" invalid="0" date="2024-02-02" time="15:51:56">
  <environment clr-version="4.0.30319.42000" user-domain="DTM" cwd="C:\Users\u55398\Documents\git\AutomatedLabBuilds\PowerShellUniversal" platform="Microsoft Windows 11 Enterprise|C:\WINDOWS|\Device\Harddisk0\Partition3" machine-name="DTM-JS5D2T3" nunit-version="2.5.8.0" os-version="10.0.22621" user="u55398" />
  <culture-info current-culture="en-US" current-uiculture="en-US" />
  <test-suite type="TestFixture" name="Pester" executed="True" result="Success" success="True" time="34.8679" asserts="0" description="Pester">
    <results>
      <test-suite type="TestFixture" name="C:\Users\u55398\OneDrive - DT Midstream\Documents\WindowsPowerShell\Modules\AutomatedLabTest\5.50.0\tests\00General.tests.ps1" executed="True" result="Success" success="True" time="1.4522" asserts="0" description="C:\Users\u55398\OneDrive - DT Midstream\Documents\WindowsPowerShell\Modules\AutomatedLabTest\5.50.0\tests\00General.tests.ps1">
        <results>
          <test-suite type="TestFixture" name="[psudev] General" executed="True" result="Success" success="True" time="0.3861" asserts="0" description="[psudev] General">
            <results>
              <test-suite type="TestFixture" name="[psudev] General.Lab deployment successful" executed="True" result="Success" success="True" time="0.3596" asserts="0" description="[psudev] General.Lab deployment successful">
                <results>
                  <test-suite type="ParameterizedTest" name="C:\Users\u55398\OneDrive - DT Midstream\Documents\PowerShell\Modules.[psudev] General.Lab deployment successful.[&lt;LabName&gt;] Should return the correct amount of machines" executed="True" result="Success" success="True" time="0.2789" asserts="0" description="[&lt;LabName&gt;] Should return the correct amount of machines">
                    <results>
                      <test-case description="[psudev] Should return the correct amount of machines" name="[psudev] General.Lab deployment successful.[psudev] Should return the correct amount of machines" time="0.2789" asserts="0" success="True" result="Success" executed="True" />
                    </results>
                  </test-suite>
                </results>
              </test-suite>
            </results>
          </test-suite>
        </results>
      </test-suite>
      <test-suite type="TestFixture" name="C:\Users\u55398\OneDrive - DT Midstream\Documents\WindowsPowerShell\Modules\AutomatedLabTest\5.50.0\tests\RootDC.tests.ps1" executed="True" result="Success" success="True" time="5.3939" asserts="0" description="C:\Users\u55398\OneDrive - DT Midstream\Documents\WindowsPowerShell\Modules\AutomatedLabTest\5.50.0\tests\RootDC.tests.ps1">
        <results>
          <test-suite type="TestFixture" name="[psudev] DC Generic" executed="True" result="Success" success="True" time="4.3052" asserts="0" description="[psudev] DC Generic">
            <results>
              <test-suite type="TestFixture" name="[psudev] DC Generic.Role deployment successful" executed="True" result="Success" success="True" time="4.2997" asserts="0" description="[psudev] DC Generic.Role deployment successful">
                <results>
                  <test-case description="[RootDC] Should return the correct amount of machines" name="[psudev] DC Generic.Role deployment successful.[RootDC] Should return the correct amount of machines" time="0.0383" asserts="0" success="True" result="Success" executed="True" />
                  <test-suite type="ParameterizedTest" name="C:\Users\u55398\OneDrive - DT Midstream\Documents\PowerShell\Modules.[psudev] DC Generic.Role deployment successful.PSU-DC-01 should have ADWS running" executed="True" result="Success" success="True" time="0.6296" asserts="0" description="PSU-DC-01 should have ADWS running">
                    <results>
                      <test-case description="PSU-DC-01 should have ADWS running" name="[psudev] DC Generic.Role deployment successful.PSU-DC-01 should have ADWS running(PSU-DC-01)" time="0.6296" asserts="0" success="True" result="Success" executed="True" />
                    </results>
                  </test-suite>
                  <test-suite type="ParameterizedTest" name="C:\Users\u55398\OneDrive - DT Midstream\Documents\PowerShell\Modules.[psudev] DC Generic.Role deployment successful.PSU-DC-01 should respond to ADWS calls" executed="True" result="Success" success="True" time="3.6254" asserts="0" description="PSU-DC-01 should respond to ADWS calls">
                    <results>
                      <test-case description="PSU-DC-01 should respond to ADWS calls" name="[psudev] DC Generic.Role deployment successful.PSU-DC-01 should respond to ADWS calls(PSU-DC-01)" time="3.6254" asserts="0" success="True" result="Success" executed="True" />
                    </results>
                  </test-suite>
                </results>
              </test-suite>
            </results>
          </test-suite>
          <test-suite type="TestFixture" name="[psudev] RootDC specific" executed="True" result="Success" success="True" time="4.9832" asserts="0" description="[psudev] RootDC specific">
            <results>
              <test-suite type="ParameterizedTest" name="C:\Users\u55398\OneDrive - DT Midstream\Documents\PowerShell\Modules.[psudev] RootDC specific.PSU-DC-01 should hold PDC emulator FSMO role" executed="True" result="Success" success="True" time="0.6729" asserts="0" description="PSU-DC-01 should hold PDC emulator FSMO role">
                <results>
                  <test-case description="PSU-DC-01 should hold PDC emulator FSMO role" name="[psudev] RootDC specific.PSU-DC-01 should hold PDC emulator FSMO role(PSU-DC-01)" time="0.6729" asserts="0" success="True" result="Success" executed="True" />
                </results>
              </test-suite>
            </results>
          </test-suite>
        </results>
      </test-suite>
      <test-suite type="TestFixture" name="C:\Users\u55398\OneDrive - DT Midstream\Documents\WindowsPowerShell\Modules\AutomatedLabTest\5.50.0\tests\Routing.tests.ps1" executed="True" result="Success" success="True" time="16.8532" asserts="0" description="C:\Users\u55398\OneDrive - DT Midstream\Documents\WindowsPowerShell\Modules\AutomatedLabTest\5.50.0\tests\Routing.tests.ps1">
        <results>
          <test-suite type="TestFixture" name="[psudev] Routing" executed="True" result="Success" success="True" time="16.4538" asserts="0" description="[psudev] Routing">
            <results>
              <test-suite type="TestFixture" name="[psudev] Routing.Role deployment successful" executed="True" result="Success" success="True" time="16.4441" asserts="0" description="[psudev] Routing.Role deployment successful">
                <results>
                  <test-case description="[Routing] Should return the correct amount of machines" name="[psudev] Routing.Role deployment successful.[Routing] Should return the correct amount of machines" time="0.051" asserts="0" success="True" result="Success" executed="True" />
                  <test-suite type="ParameterizedTest" name="C:\Users\u55398\OneDrive - DT Midstream\Documents\PowerShell\Modules.[psudev] Routing.Role deployment successful.[PSU-DC-01] Should have Routing feature installed" executed="True" result="Success" success="True" time="8.5578" asserts="0" description="[PSU-DC-01] Should have Routing feature installed">
                    <results>
                      <test-case description="[PSU-DC-01] Should have Routing feature installed" name="[psudev] Routing.Role deployment successful.[PSU-DC-01] Should have Routing feature installed(PSU-DC-01)" time="8.5578" asserts="0" success="True" result="Success" executed="True" />
                    </results>
                  </test-suite>
                  <test-suite type="ParameterizedTest" name="C:\Users\u55398\OneDrive - DT Midstream\Documents\PowerShell\Modules.[psudev] Routing.Role deployment successful.[PSU-DC-01] Should be connected to the internet" executed="True" result="Success" success="True" time="7.8296" asserts="0" description="[PSU-DC-01] Should be connected to the internet">
                    <results>
                      <test-case description="[PSU-DC-01] Should be connected to the internet" name="[psudev] Routing.Role deployment successful.[PSU-DC-01] Should be connected to the internet(PSU-DC-01)" time="7.8296" asserts="0" success="True" result="Success" executed="True" />
                    </results>
                  </test-suite>
                </results>
              </test-suite>
            </results>
          </test-suite>
        </results>
      </test-suite>
    </results>
  </test-suite>
</test-results>